Determining if the pthread_create exist failed with the following output:
Change Dir: /home/hx/od_sins_realtime_github/od_sins_realtime/cmake-build-debug/CMakeFiles/CMakeTmp

Run Build Command:"/usr/bin/make" "cmTC_8d8a2/fast"
/usr/bin/make -f CMakeFiles/cmTC_8d8a2.dir/build.make CMakeFiles/cmTC_8d8a2.dir/build
make[1]: 进入目录“/home/hx/od_sins_realtime_github/od_sins_realtime/cmake-build-debug/CMakeFiles/CMakeTmp”
Building C object CMakeFiles/cmTC_8d8a2.dir/CheckSymbolExists.c.o
/usr/bin/cc    -o CMakeFiles/cmTC_8d8a2.dir/CheckSymbolExists.c.o   -c /home/hx/od_sins_realtime_github/od_sins_realtime/cmake-build-debug/CMakeFiles/CMakeTmp/CheckSymbolExists.c
Linking C executable cmTC_8d8a2
/usr/bin/cmake -E cmake_link_script CMakeFiles/cmTC_8d8a2.dir/link.txt --verbose=1
/usr/bin/cc      -rdynamic CMakeFiles/cmTC_8d8a2.dir/CheckSymbolExists.c.o  -o cmTC_8d8a2 
CMakeFiles/cmTC_8d8a2.dir/CheckSymbolExists.c.o：在函数‘main’中：
CheckSymbolExists.c:(.text+0x1b)：对‘pthread_create’未定义的引用
collect2: error: ld returned 1 exit status
CMakeFiles/cmTC_8d8a2.dir/build.make:97: recipe for target 'cmTC_8d8a2' failed
make[1]: *** [cmTC_8d8a2] Error 1
make[1]: 离开目录“/home/hx/od_sins_realtime_github/od_sins_realtime/cmake-build-debug/CMakeFiles/CMakeTmp”
Makefile:126: recipe for target 'cmTC_8d8a2/fast' failed
make: *** [cmTC_8d8a2/fast] Error 2

File /home/hx/od_sins_realtime_github/od_sins_realtime/cmake-build-debug/CMakeFiles/CMakeTmp/CheckSymbolExists.c:
/* */
#include <pthread.h>

int main(int argc, char** argv)
{
  (void)argv;
#ifndef pthread_create
  return ((int*)(&pthread_create))[argc];
#else
  (void)argc;
  return 0;
#endif
}

Determining if the function pthread_create exists in the pthreads failed with the following output:
Change Dir: /home/hx/od_sins_realtime_github/od_sins_realtime/cmake-build-debug/CMakeFiles/CMakeTmp

Run Build Command:"/usr/bin/make" "cmTC_63380/fast"
/usr/bin/make -f CMakeFiles/cmTC_63380.dir/build.make CMakeFiles/cmTC_63380.dir/build
make[1]: 进入目录“/home/hx/od_sins_realtime_github/od_sins_realtime/cmake-build-debug/CMakeFiles/CMakeTmp”
Building C object CMakeFiles/cmTC_63380.dir/CheckFunctionExists.c.o
/usr/bin/cc   -DCHECK_FUNCTION_EXISTS=pthread_create   -o CMakeFiles/cmTC_63380.dir/CheckFunctionExists.c.o   -c /usr/share/cmake-3.10/Modules/CheckFunctionExists.c
Linking C executable cmTC_63380
/usr/bin/cmake -E cmake_link_script CMakeFiles/cmTC_63380.dir/link.txt --verbose=1
/usr/bin/cc  -DCHECK_FUNCTION_EXISTS=pthread_create    -rdynamic CMakeFiles/cmTC_63380.dir/CheckFunctionExists.c.o  -o cmTC_63380 -lpthreads 
/usr/bin/ld: 找不到 -lpthreads
collect2: error: ld returned 1 exit status
CMakeFiles/cmTC_63380.dir/build.make:97: recipe for target 'cmTC_63380' failed
make[1]: *** [cmTC_63380] Error 1
make[1]: 离开目录“/home/hx/od_sins_realtime_github/od_sins_realtime/cmake-build-debug/CMakeFiles/CMakeTmp”
Makefile:126: recipe for target 'cmTC_63380/fast' failed
make: *** [cmTC_63380/fast] Error 2


